This is pdfTeX, Version 3.141592653-2.6-1.40.27 (MiKTeX 25.4) (preloaded format=pdflatex 2026.1.8)  23 FEB 2026 15:53
entering extended mode
 restricted \write18 enabled.
 file:line:error style messages enabled.
 %&-line parsing enabled.
**./preambulo.tex
(preambulo.tex
LaTeX2e <2023-11-01> patch level 1
L3 programming layer <2024-01-04>
(C:\Users\uidq5744\AppData\Local\Programs\MiKTeX\tex/latex/abntex2\abntex2.cls
Document Class: abntex2 2018/11/24 v-1.9.7 abnTeX2
(C:\Users\uidq5744\AppData\Local\Programs\MiKTeX\tex/latex/base\ifthen.sty
Package: ifthen 2022/04/13 v1.1d Standard LaTeX ifthen package (DPC)
)
(C:\Users\uidq5744\AppData\Local\Programs\MiKTeX\tex/latex/memoir\memoir.cls
Document Class: memoir 2025/03/10 v3.8.3b configurable book, report, article do
cument class
(C:\Users\uidq5744\AppData\Local\Programs\MiKTeX\tex/latex/xpatch\xpatch.sty
(C:\Users\uidq5744\AppData\Local\Programs\MiKTeX\tex/latex/l3kernel\expl3.sty
Package: expl3 2024-01-04 L3 programming layer (loader) 

(C:\Users\uidq5744\AppData\Local\Programs\MiKTeX\tex/latex/l3backend\l3backend-
pdftex.def
File: l3backend-pdftex.def 2024-01-04 L3 backend support: PDF output (pdfTeX)
\l__color_backend_stack_int=\count187
\l__pdf_internal_box=\box51
))
Package: xpatch 2020/03/25 v0.3a Extending etoolbox patching commands

(C:\Users\uidq5744\AppData\Local\Programs\MiKTeX\tex/latex/l3packages/xparse\xp
arse.sty
Package: xparse 2023-10-10 L3 Experimental document command parser
)
(C:\Users\uidq5744\AppData\Local\Programs\MiKTeX\tex/latex/etoolbox\etoolbox.st
y
Package: etoolbox 2020/10/05 v2.5k e-TeX tools for LaTeX (JAW)
\etb@tempcnta=\count188
))
\onelineskip=\skip48
\lxvchars=\skip49
\xlvchars=\skip50
\@memcnta=\count189
\c@@memmarkcntra=\count190

(C:\Users\uidq5744\AppData\Local\Programs\MiKTeX\tex/generic/iftex\iftex.sty
Package: iftex 2022/02/03 v1.0f TeX engine tests
)
\trimtop=\skip51
\trimedge=\skip52

(C:\Users\uidq5744\AppData\Local\Programs\MiKTeX\tex/latex/memoir\mem12.clo
File: mem12.clo 2022/07/29 v0.5 memoir class 12pt size option
)
\binding=\skip53
\spinemargin=\skip54
\foremargin=\skip55
\uppermargin=\skip56
\lowermargin=\skip57
\headdrop=\skip58
\normalrulethickness=\skip59
\mem@maxheadheight=\skip60
\mem@maxfootheight=\skip61
\headwidth=\skip62
\c@storedpagenumber=\count191
\memPD=\dimen140
\m@mabparskip=\skip63
\thanksmarkwidth=\skip64
\thanksmarksep=\skip65
\droptitle=\skip66
\c@book=\count192
\c@part=\count193
\c@chapter=\count194
\c@section=\count195
\c@subsection=\count196
\c@subsubsection=\count197
\c@paragraph=\count198
\c@subparagraph=\count199
\beforechapskip=\skip67
\midchapskip=\skip68
\afterchapskip=\skip69
\chapindent=\skip70
\bottomsectionskip=\skip71
\secindent=\skip72
\beforesecskip=\skip73
\aftersecskip=\skip74
\subsecindent=\skip75
\beforesubsecskip=\skip76
\aftersubsecskip=\skip77
\subsubsecindent=\skip78
\beforesubsubsecskip=\skip79
\aftersubsubsecskip=\skip80
\paraindent=\skip81
\beforeparaskip=\skip82
\afterparaskip=\skip83
\subparaindent=\skip84
\beforesubparaskip=\skip85
\aftersubparaskip=\skip86
\pfbreakskip=\skip87
\c@@ppsavesec=\count266
\c@@ppsaveapp=\count267
\ragrparindent=\dimen141
\everylistparindent=\dimen142
\parsepi=\skip88
\topsepi=\skip89
\itemsepi=\skip90
\parsepii=\skip91
\topsepii=\skip92
\topsepiii=\skip93
\itemsepii=\skip94
\itemsepiii=\skip95
\partopsepii=\skip96
\partopsepiii=\skip97
\m@msavetopsep=\skip98
\m@msavepartopsep=\skip99
\@enLab=\toks17
\abstitleskip=\skip100
\absleftindent=\skip101
\abs@leftindent=\dimen143
\absrightindent=\skip102
\absparindent=\skip103
\absparsep=\skip104
\c@vslineno=\count268
\c@poemline=\count269
\c@modulo@vs=\count270
\c@memfvsline=\count271
\vleftskip=\skip105
\vrightskip=\skip106
\stanzaskip=\skip107
\versewidth=\skip108
\vgap=\skip109
\vindent=\skip110
\vleftmargin=\dimen144
\c@verse=\count272
\c@chrsinstr=\count273
\beforepoemtitleskip=\skip111
\afterpoemtitleskip=\skip112
\c@poem=\count274
\beforePoemTitleskip=\skip113
\midPoemTitleskip=\skip114
\afterPoemTitleskip=\skip115

(C:\Users\uidq5744\AppData\Local\Programs\MiKTeX\tex/latex/tools\array.sty
Package: array 2023/10/16 v2.5g Tabular extension package (FMi)
\col@sep=\dimen145
\ar@mcellbox=\box52
\extrarowheight=\dimen146
\NC@list=\toks18
\extratabsurround=\skip116
\backup@length=\skip117
\ar@cellbox=\box53
)
(C:\Users\uidq5744\AppData\Local\Programs\MiKTeX\tex/latex/tools\dcolumn.sty
Package: dcolumn 2023/07/08 v1.06 decimal alignment package (DPC)
)
(C:\Users\uidq5744\AppData\Local\Programs\MiKTeX\tex/latex/tools\delarray.sty
Package: delarray 2014/10/28 v1.01 array delimiter package (DPC)
)
(C:\Users\uidq5744\AppData\Local\Programs\MiKTeX\tex/latex/tools\tabularx.sty
Package: tabularx 2023/07/08 v2.11c `tabularx' package (DPC)
\TX@col@width=\dimen147
\TX@old@table=\dimen148
\TX@old@col=\dimen149
\TX@target=\dimen150
\TX@delta=\dimen151
\TX@cols=\count275
\TX@ftn=\toks19
)
(C:\Users\uidq5744\AppData\Local\Programs\MiKTeX\tex/latex/booktabs\booktabs.st
y
Package: booktabs 2020/01/12 v1.61803398 Publication quality tables
\heavyrulewidth=\dimen152
\lightrulewidth=\dimen153
\cmidrulewidth=\dimen154
\belowrulesep=\dimen155
\belowbottomsep=\dimen156
\aboverulesep=\dimen157
\abovetopsep=\dimen158
\cmidrulesep=\dimen159
\cmidrulekern=\dimen160
\defaultaddspace=\dimen161
\@cmidla=\count276
\@cmidlb=\count277
\@aboverulesep=\dimen162
\@belowrulesep=\dimen163
\@thisruleclass=\count278
\@lastruleclass=\count279
\@thisrulewidth=\dimen164
)
\ctableftskip=\skip118
\ctabrightskip=\skip119
\abovecolumnspenalty=\count280
\@linestogo=\count281
\@cellstogo=\count282
\@cellsincolumn=\count283
\crtok=\toks20
\@mincolumnwidth=\dimen165
\c@newflo@tctr=\count284
\mem@margin@floatbox=\box54
\@contcwidth=\skip120
\@contindw=\skip121
\abovecaptionskip=\skip122
\belowcaptionskip=\skip123
\subfloattopskip=\skip124
\subfloatcapskip=\skip125
\subfloatcaptopadj=\skip126
\subfloatbottomskip=\skip127
\subfloatlabelskip=\skip128
\subfloatcapmargin=\dimen166
\c@@contsubnum=\count285
\m@mscap@capbox=\box55
\m@mscap@fbox=\box56
\sidecapsep=\dimen167
\sidecapwidth=\dimen168
\m@m@tempdima=\dimen169
\m@mscapraise=\dimen170
\sidecapraise=\dimen171
\m@mscapmainwidth=\dimen172
\m@mscaplkern=\dimen173
\beforeepigraphskip=\skip129
\afterepigraphskip=\skip130
\epigraphwidth=\skip131
\epigraphrule=\skip132
LaTeX Info: Redefining \em on input line 7017.
LaTeX Info: Redefining \emph on input line 7025.

(C:\Users\uidq5744\AppData\Local\Programs\MiKTeX\tex/latex/hyperref\nameref.sty
Package: nameref 2023-11-26 v2.56 Cross-referencing by name of section

(C:\Users\uidq5744\AppData\Local\Programs\MiKTeX\tex/latex/refcount\refcount.st
y
Package: refcount 2019/12/15 v3.6 Data extraction from label references (HO)

(C:\Users\uidq5744\AppData\Local\Programs\MiKTeX\tex/generic/ltxcmds\ltxcmds.st
y
Package: ltxcmds 2023-12-04 v1.26 LaTeX kernel commands for general use (HO)
)
(C:\Users\uidq5744\AppData\Local\Programs\MiKTeX\tex/generic/infwarerr\infwarer
r.sty
Package: infwarerr 2019/12/03 v1.5 Providing info/warning/error messages (HO)
))
(C:\Users\uidq5744\AppData\Local\Programs\MiKTeX\tex/generic/gettitlestring\get
titlestring.sty
Package: gettitlestring 2019/12/15 v1.6 Cleanup title references (HO)

(C:\Users\uidq5744\AppData\Local\Programs\MiKTeX\tex/latex/kvoptions\kvoptions.
sty
Package: kvoptions 2022-06-15 v3.15 Key value format for package options (HO)

(C:\Users\uidq5744\AppData\Local\Programs\MiKTeX\tex/latex/graphics\keyval.sty
Package: keyval 2022/05/29 v1.15 key=value parser (DPC)
\KV@toks@=\toks21
)
(C:\Users\uidq5744\AppData\Local\Programs\MiKTeX\tex/latex/kvsetkeys\kvsetkeys.
sty
Package: kvsetkeys 2022-10-05 v1.19 Key value parser (HO)
)))
\c@section@level=\count286
)
\tocentryskip=\skip133
\tocbaseline=\skip134
\cftparskip=\skip135
\cftbeforebookskip=\skip136
\cftbookindent=\dimen174
\cftbooknumwidth=\dimen175
\cftbeforepartskip=\skip137
\cftpartindent=\skip138
\cftpartnumwidth=\skip139
\cftbeforechapterskip=\skip140
\cftchapterindent=\skip141
\cftchapternumwidth=\skip142
\cftbeforesectionskip=\skip143
\cftsectionindent=\skip144
\cftsectionnumwidth=\skip145
\cftbeforesubsectionskip=\skip146
\cftsubsectionindent=\skip147
\cftsubsectionnumwidth=\skip148
\cftbeforesubsubsectionskip=\skip149
\cftsubsubsectionindent=\skip150
\cftsubsubsectionnumwidth=\skip151
\cftbeforeparagraphskip=\skip152
\cftparagraphindent=\skip153
\cftparagraphnumwidth=\skip154
\cftbeforesubparagraphskip=\skip155
\cftsubparagraphindent=\skip156
\cftsubparagraphnumwidth=\skip157
\prechapterprecisshift=\dimen176
\c@maxsecnumdepth=\count287
\bibindent=\dimen177
\bibitemsep=\skip158
\indexcolsep=\skip159
\indexrule=\skip160
\indexmarkstyle=\toks22
\@indexbox=\insert252
LaTeX Info: Redefining \raggedbottom on input line 8108.
LaTeX Info: Redefining \flushbottom on input line 8112.
\glossarycolsep=\dimen178
\glossaryrule=\dimen179
\sideparvshift=\skip161
\sideins=\insert251
\sidebartopsep=\skip162
\sidebarhsep=\skip163
\sidebarvsep=\skip164
\sidebarwidth=\skip165
\footmarkwidth=\skip166
\footmarksep=\skip167
\footparindent=\skip168
\footinsdim=\skip169
\footinsv@r=\insert250
\@mpfootinsv@r=\insert249
\m@m@k=\count288
\m@m@h=\dimen180
\m@mipn@skip=\skip170
\sidefootins=\insert248
\sidefootadjust=\skip171
\sidefootheight=\skip172
\sidefoothsep=\skip173
\sidefootvsep=\skip174
\sidefootwidth=\skip175
\m@mdownsf=\skip176
\c@sidefootnote=\count289
\sidefootmarkwidth=\skip177
\sidefootmarksep=\skip178
\sidefootparindent=\skip179
\c@pagenote=\count290
\c@pagenoteshadow=\count291
\mem@pn@lastkern=\skip180

(C:\Users\uidq5744\AppData\Local\Programs\MiKTeX\tex/latex/tools\verbatim.sty
Package: verbatim 2023-11-06 v1.5v LaTeX2e package for verbatim enhancements
\every@verbatim=\toks23
\verbatim@line=\toks24
\verbatim@in@stream=\read2
)
\verbatimindent=\skip181
\verbatim@out=\write3

(C:\Users\uidq5744\AppData\Local\Programs\MiKTeX\tex/latex/base\shortvrb.sty
Package: shortvrb 2022/11/13 v3.0m Standard LaTeX documentation package V3 (FMi
)
)
\bvboxsep=\skip182
\c@memfbvline=\count292
\c@bvlinectr=\count293
\bvnumlength=\skip183
\fb@frw=\dimen181
\fb@frh=\dimen182
\FrameRule=\dimen183
\FrameSep=\dimen184
\c@cp@cntr=\count294
\c@ism@mctr=\count295
\c@xsm@mctr=\count296
\c@csm@mctr=\count297
\c@ksm@mctr=\count298
\c@xksm@mctr=\count299
\c@cksm@mctr=\count300
\c@msm@mctr=\count301
\c@xmsm@mctr=\count302
\c@cmsm@mctr=\count303
\c@bsm@mctr=\count304
\c@workm@mctr=\count305
\c@sheetsequence=\count306
\c@lastsheet=\count307
\c@lastpage=\count308

(C:\Users\uidq5744\AppData\Local\Programs\MiKTeX\tex/latex/textcase\textcase.st
y
Package: textcase 2025/02/16 v1.05 Text only upper/lower case changing (DPC)
Package textcase Info: Defining Legacy names on input line 20.
)
\c@figure=\count309
\c@lofdepth=\count310
\cftbeforefigureskip=\skip184
\cftfigureindent=\skip185
\cftfigurenumwidth=\skip186
\c@table=\count311
\c@lotdepth=\count312
\cftbeforetableskip=\skip187
\cfttableindent=\skip188
\cfttablenumwidth=\skip189
Package abstract [2008/07/23] emulated by memoir.
Package appendix [2008/07/23] emulated by memoir.
Package ccaption [2008/07/23] emulated by memoir.
Package changepage [2008/07/23] emulated by memoir.
Package chngcntr [2008/07/23] emulated by memoir.
Package chngpage [2008/07/23] emulated by memoir.
Package crop emulated by memoir.
Package enumerate [2008/07/23] emulated by memoir.
Package epigraph [2008/07/23] emulated by memoir.
Package ifmtarg [2008/07/23] emulated by memoir.
Package index [2008/07/23] emulated by memoir.
Package makeidx [2008/07/23] emulated by memoir.
Package moreverb [2008/07/23] emulated by memoir.
Package needspace [2008/07/23] emulated by memoir.
Package newfile [2008/07/23] emulated by memoir.
Package nextpage [2008/07/23] emulated by memoir.
Package pagenote [2008/07/23] emulated by memoir.
Package parskip [2008/07/23] emulated by memoir.
Package patchcmd [2008/07/23] emulated by memoir.
Package setspace [2008/07/23] emulated by memoir.
Package showidx [2008/07/23] emulated by memoir.
Package titleref [2008/07/23] emulated by memoir.
Package titling [2008/07/23] emulated by memoir.
Package tocbibind [2008/07/23] emulated by memoir.
Package tocloft [2008/07/23] emulated by memoir.
Package tocvsec2 [2008/07/23] emulated by memoir.
Package verse [2008/07/23] emulated by memoir.
)
(C:\Users\uidq5744\AppData\Local\Programs\MiKTeX\tex/latex/hyperref\hyperref.st
y
Package: hyperref 2023-11-26 v7.01g Hypertext links for LaTeX

(C:\Users\uidq5744\AppData\Local\Programs\MiKTeX\tex/generic/kvdefinekeys\kvdef
inekeys.sty
Package: kvdefinekeys 2019-12-19 v1.6 Define keys (HO)
)
(C:\Users\uidq5744\AppData\Local\Programs\MiKTeX\tex/generic/pdfescape\pdfescap
e.sty
Package: pdfescape 2019/12/09 v1.15 Implements pdfTeX's escape features (HO)

(C:\Users\uidq5744\AppData\Local\Programs\MiKTeX\tex/generic/pdftexcmds\pdftexc
mds.sty
Package: pdftexcmds 2020-06-27 v0.33 Utility functions of pdfTeX for LuaTeX (HO
)
Package pdftexcmds Info: \pdf@primitive is available.
Package pdftexcmds Info: \pdf@ifprimitive is available.
Package pdftexcmds Info: \pdfdraftmode found.
))
(C:\Users\uidq5744\AppData\Local\Programs\MiKTeX\tex/latex/hycolor\hycolor.sty
Package: hycolor 2020-01-27 v1.10 Color options for hyperref/bookmark (HO)
)
(C:\Users\uidq5744\AppData\Local\Programs\MiKTeX\tex/latex/letltxmacro\letltxma
cro.sty
Package: letltxmacro 2019/12/03 v1.6 Let assignment for LaTeX macros (HO)
)
(C:\Users\uidq5744\AppData\Local\Programs\MiKTeX\tex/latex/auxhook\auxhook.sty
Package: auxhook 2019-12-17 v1.6 Hooks for auxiliary files (HO)
)
\@linkdim=\dimen185
\Hy@linkcounter=\count313
\Hy@pagecounter=\count314
(C:\Users\uidq5744\AppData\Local\Programs\MiKTeX\tex/latex/hyperref\pd1enc.def
File: pd1enc.def 2023-11-26 v7.01g Hyperref: PDFDocEncoding definition (HO)
Now handling font encoding PD1 ...
... no UTF-8 mapping file for font encoding PD1
)
(C:\Users\uidq5744\AppData\Local\Programs\MiKTeX\tex/generic/intcalc\intcalc.st
y
Package: intcalc 2019/12/15 v1.3 Expandable calculations with integers (HO)
)
\Hy@SavedSpaceFactor=\count315

(C:\Users\uidq5744\AppData\Local\Programs\MiKTeX\tex/latex/hyperref\puenc.def
File: puenc.def 2023-11-26 v7.01g Hyperref: PDF Unicode definition (HO)
Now handling font encoding PU ...
... no UTF-8 mapping file for font encoding PU
)
Package hyperref Info: Hyper figures OFF on input line 4181.
Package hyperref Info: Link nesting OFF on input line 4186.
Package hyperref Info: Hyper index ON on input line 4189.
Package hyperref Info: Plain pages OFF on input line 4196.
Package hyperref Info: Backreferencing OFF on input line 4201.
Package hyperref Info: Implicit mode ON; LaTeX internals redefined.
Package hyperref Info: Bookmarks ON on input line 4448.
\c@Hy@tempcnt=\count316

(C:\Users\uidq5744\AppData\Local\Programs\MiKTeX\tex/latex/url\url.sty
\Urlmuskip=\muskip16
Package: url 2013/09/16  ver 3.4  Verb mode for urls, etc.
)
LaTeX Info: Redefining \url on input line 4786.
\XeTeXLinkMargin=\dimen186

(C:\Users\uidq5744\AppData\Local\Programs\MiKTeX\tex/generic/bitset\bitset.sty
Package: bitset 2019/12/09 v1.3 Handle bit-vector datatype (HO)

(C:\Users\uidq5744\AppData\Local\Programs\MiKTeX\tex/generic/bigintcalc\bigintc
alc.sty
Package: bigintcalc 2019/12/15 v1.5 Expandable calculations on big integers (HO
)
))
\Fld@menulength=\count317
\Field@Width=\dimen187
\Fld@charsize=\dimen188
Package hyperref Info: Hyper figures OFF on input line 6065.
Package hyperref Info: Link nesting OFF on input line 6070.
Package hyperref Info: Hyper index ON on input line 6073.
Package hyperref Info: backreferencing OFF on input line 6080.
Package hyperref Info: Link coloring OFF on input line 6085.
Package hyperref Info: Link coloring with OCG OFF on input line 6090.
Package hyperref Info: PDF/A mode OFF on input line 6095.

(C:\Users\uidq5744\AppData\Local\Programs\MiKTeX\tex/latex/base\atbegshi-ltx.st
y
Package: atbegshi-ltx 2021/01/10 v1.0c Emulation of the original atbegshi
package with kernel methods
)
\Hy@abspage=\count318
\c@Item=\count319
\c@Hfootnote=\count320
)
Package hyperref Info: Driver (autodetected): hpdftex.

(C:\Users\uidq5744\AppData\Local\Programs\MiKTeX\tex/latex/hyperref\hpdftex.def
File: hpdftex.def 2023-11-26 v7.01g Hyperref driver for pdfTeX

(C:\Users\uidq5744\AppData\Local\Programs\MiKTeX\tex/latex/base\atveryend-ltx.s
ty
Package: atveryend-ltx 2020/08/19 v1.0a Emulation of the original atveryend pac
kage
with kernel methods
)
\Fld@listcount=\count321
\c@bookmark@seq@number=\count322

(C:\Users\uidq5744\AppData\Local\Programs\MiKTeX\tex/latex/rerunfilecheck\rerun
filecheck.sty
Package: rerunfilecheck 2025-06-21 v1.11 Rerun checks for auxiliary files (HO)

(C:\Users\uidq5744\AppData\Local\Programs\MiKTeX\tex/generic/uniquecounter\uniq
uecounter.sty
Package: uniquecounter 2019/12/15 v1.4 Provide unlimited unique counter (HO)
)
Package uniquecounter Info: New unique counter `rerunfilecheck' on input line 2
84.
)
\Hy@SectionHShift=\skip190
)
(C:\Users\uidq5744\AppData\Local\Programs\MiKTeX\tex/latex/memoir\memhfixc.sty
Package: memhfixc 2025/03/06 v1.23 hyperref package fixes for memoir class
\c@memhycontfloat=\count323
\c@mem@Hpagenote=\count324
)
(C:\Users\uidq5744\AppData\Local\Programs\MiKTeX\tex/latex/bookmark\bookmark.st
y
Package: bookmark 2023-12-10 v1.31 PDF bookmarks (HO)

(C:\Users\uidq5744\AppData\Local\Programs\MiKTeX\tex/latex/bookmark\bkm-pdftex.
def
File: bkm-pdftex.def 2023-12-10 v1.31 bookmark driver for pdfTeX and luaTeX (HO
)
\BKM@id=\count325
))
(C:\Users\uidq5744\AppData\Local\Programs\MiKTeX\tex/generic/babel\babel.sty
Package: babel 2024/01/07 v24.1 The Babel package
\babel@savecnt=\count326
\U@D=\dimen189
\l@unhyphenated=\language79

(C:\Users\uidq5744\AppData\Local\Programs\MiKTeX\tex/generic/babel\txtbabel.def
)
\bbl@readstream=\read3
\bbl@dirlevel=\count327

*************************************
* Local config file bblopts.cfg used
*
(C:\Users\uidq5744\AppData\Local\Programs\MiKTeX\tex/latex/arabi\bblopts.cfg
File: bblopts.cfg 2005/09/08 v0.1 add Arabic and Farsi to "declared" options of
 babel
)
(C:\Users\uidq5744\AppData\Local\Programs\MiKTeX\tex/latex/babel-english\englis
h.ldf
Language: english 2017/06/06 v3.3r English support from the babel system
Package babel Info: Hyphen rules for 'canadian' set to \l@english
(babel)             (\language0). Reported on input line 102.
Package babel Info: Hyphen rules for 'australian' set to \l@ukenglish
(babel)             (\language73). Reported on input line 105.
Package babel Info: Hyphen rules for 'newzealand' set to \l@ukenglish
(babel)             (\language73). Reported on input line 108.
)
(C:\Users\uidq5744\AppData\Local\Programs\MiKTeX\tex/latex/babel-spanish\spanis
h.ldf
Language: spanish.ldf 2021/05/27 v5.0q Spanish support from the babel system
\es@quottoks=\toks25
\es@quotdepth=\count328
Package babel Info: Making " an active character on input line 570.
Package babel Info: Making . an active character on input line 675.
Package babel Info: Making < an active character on input line 722.
Package babel Info: Making > an active character on input line 722.
)
(C:\Users\uidq5744\AppData\Local\Programs\MiKTeX\tex/latex/babel-portuges\brazi
l.ldf
Language: portuges 2021/07/09 v1.2t Portuguese support from the babel system
Package babel Info: Hyphen rules for 'brazil' set to \l@portuguese
(babel)             (\language56). Reported on input line 111.
))
(C:\Users\uidq5744\AppData\Local\Programs\MiKTeX\tex/generic/babel/locale/es\ba
bel-spanish.tex
Package babel Info: Importing font and identification data for spanish
(babel)             from babel-es.ini. Reported on input line 11.
)
(C:\Users\uidq5744\AppData\Local\Programs\MiKTeX\tex/generic/babel/locale/en\ba
bel-english.tex
Package babel Info: Importing font and identification data for english
(babel)             from babel-en.ini. Reported on input line 11.
)
(C:\Users\uidq5744\AppData\Local\Programs\MiKTeX\tex/latex/enumitem\enumitem.st
y
Package: enumitem 2025/02/06 v3.11 Customized lists
\labelindent=\skip191
\enit@outerparindent=\dimen190
\enit@toks=\toks26
\enit@inbox=\box57
\enit@count@id=\count329
\enitdp@description=\count330
) (C:\Users\uidq5744\AppData\Local\Programs\MiKTeX\tex/latex/tools\calc.sty
Package: calc 2023/07/08 v4.3 Infix arithmetic (KKT,FJ)
\calc@Acount=\count331
\calc@Bcount=\count332
\calc@Adimen=\dimen191
\calc@Bdimen=\dimen192
\calc@Askip=\skip192
\calc@Bskip=\skip193
LaTeX Info: Redefining \setlength on input line 80.
LaTeX Info: Redefining \addtolength on input line 81.
\calc@Ccount=\count333
\calc@Cskip=\skip194
)

******************************************************
Stock height and width: 845.04684pt by 597.50787pt
Top and edge trims: 0pt and 0pt
Page height and width: 845.04684pt by 597.50787pt
Text height and width: 708pt by 455pt
Spine and edge margins: 85.35826pt and 56.9055pt
Upper and lower margins: 85.35826pt and 51.68858pt
Headheight and headsep: 14.5pt and 19.8738pt
Footskip: 30pt
Columnsep and columnseprule: 10pt and 0pt
Marginparsep and marginparwidth: 7pt and 42.9055pt
Sidecapsep and sidecapwidth: 7pt and 42pt
Sidebarhsep and sidebarwidth: 7pt and 42pt
Sidebarvsep and sidebartopsep: 14.5pt and 0pt
Sidebarheight: 590.14995pt
Sidefoothsep and sidefootwidth: 7pt and 42pt
Sidefootvsep and sidefootheight: 14.5pt and 590.14995pt
******************************************************

\c@abntex@bookmarkcounter=\count334
\cftlastnumwidth=\skip195
\chapternamenumlength=\skip196
\ABNTEXcitacaorecuo=\skip197
\c@alineasi=\count335
\c@alineasii=\count336
\enitdp@alineas=\count337
\c@subalineasi=\count338
\enitdp@subalineas=\count339
\c@incisosi=\count340
\enitdp@incisos=\count341
\ABNTEXsignwidth=\skip198
\ABNTEXsignthickness=\skip199
\ABNTEXsignskip=\skip256
) (C:\Users\uidq5744\AppData\Local\Programs\MiKTeX\tex/latex/base\inputenc.sty
Package: inputenc 2021/02/14 v1.3d Input encoding file
\inpenc@prehook=\toks27
\inpenc@posthook=\toks28
) (C:\Users\uidq5744\AppData\Local\Programs\MiKTeX\tex/latex/base\fontenc.sty
Package: fontenc 2021/04/29 v2.0v Standard LaTeX package
)
(C:\Users\uidq5744\AppData\Local\Programs\MiKTeX\tex/latex/graphics\graphicx.st
y
Package: graphicx 2021/09/16 v1.2d Enhanced LaTeX Graphics (DPC,SPQR)

(C:\Users\uidq5744\AppData\Local\Programs\MiKTeX\tex/latex/graphics\graphics.st
y
Package: graphics 2022/03/10 v1.4e Standard LaTeX Graphics (DPC,SPQR)
 (C:\Users\uidq5744\AppData\Local\Programs\MiKTeX\tex/latex/graphics\trig.sty
Package: trig 2021/08/11 v1.11 sin cos tan (DPC)
)
(C:\Users\uidq5744\AppData\Local\Programs\MiKTeX\tex/latex/graphics-cfg\graphic
s.cfg
File: graphics.cfg 2016/06/04 v1.11 sample graphics configuration
)
Package graphics Info: Driver file: pdftex.def on input line 107.

(C:\Users\uidq5744\AppData\Local\Programs\MiKTeX\tex/latex/graphics-def\pdftex.
def
File: pdftex.def 2022/09/22 v1.2b Graphics/color driver for pdftex
))
\Gin@req@height=\dimen193
\Gin@req@width=\dimen194
)
(C:\Users\uidq5744\AppData\Local\Programs\MiKTeX\tex/latex/amsfonts\amsfonts.st
y
Package: amsfonts 2013/01/14 v3.01 Basic AMSFonts support
\@emptytoks=\toks29
\symAMSa=\mathgroup4
\symAMSb=\mathgroup5
LaTeX Font Info:    Redeclaring math symbol \hbar on input line 98.
LaTeX Font Info:    Overwriting math alphabet `\mathfrak' in version `bold'
(Font)                  U/euf/m/n --> U/euf/b/n on input line 106.
)
(C:\Users\uidq5744\AppData\Local\Programs\MiKTeX\tex/latex/amsfonts\amssymb.sty
Package: amssymb 2013/01/14 v3.01 AMS font symbols
)
(C:\Users\uidq5744\AppData\Local\Programs\MiKTeX\tex/latex/amsmath\amsmath.sty
Package: amsmath 2023/05/13 v2.17o AMS math features
\@mathmargin=\skip257

For additional information on amsmath, use the `?' option.
(C:\Users\uidq5744\AppData\Local\Programs\MiKTeX\tex/latex/amsmath\amstext.sty
Package: amstext 2021/08/26 v2.01 AMS text

(C:\Users\uidq5744\AppData\Local\Programs\MiKTeX\tex/latex/amsmath\amsgen.sty
File: amsgen.sty 1999/11/30 v2.0 generic functions
\@emptytoks=\toks30
\ex@=\dimen195
)) (C:\Users\uidq5744\AppData\Local\Programs\MiKTeX\tex/latex/amsmath\amsbsy.st
y
Package: amsbsy 1999/11/29 v1.2d Bold Symbols
\pmbraise@=\dimen196
) (C:\Users\uidq5744\AppData\Local\Programs\MiKTeX\tex/latex/amsmath\amsopn.sty
Package: amsopn 2022/04/08 v2.04 operator names
)
\inf@bad=\count342
LaTeX Info: Redefining \frac on input line 234.
\uproot@=\count343
\leftroot@=\count344
LaTeX Info: Redefining \overline on input line 399.
LaTeX Info: Redefining \colon on input line 410.
\classnum@=\count345
\DOTSCASE@=\count346
LaTeX Info: Redefining \ldots on input line 496.
LaTeX Info: Redefining \dots on input line 499.
LaTeX Info: Redefining \cdots on input line 620.
\Mathstrutbox@=\box58
\strutbox@=\box59
LaTeX Info: Redefining \big on input line 722.
LaTeX Info: Redefining \Big on input line 723.
LaTeX Info: Redefining \bigg on input line 724.
LaTeX Info: Redefining \Bigg on input line 725.
\big@size=\dimen197
LaTeX Font Info:    Redeclaring font encoding OML on input line 743.
LaTeX Font Info:    Redeclaring font encoding OMS on input line 744.
\macc@depth=\count347
LaTeX Info: Redefining \bmod on input line 905.
LaTeX Info: Redefining \pmod on input line 910.
LaTeX Info: Redefining \smash on input line 940.
LaTeX Info: Redefining \relbar on input line 970.
LaTeX Info: Redefining \Relbar on input line 971.
\c@MaxMatrixCols=\count348
\dotsspace@=\muskip17
\c@parentequation=\count349
\dspbrk@lvl=\count350
\tag@help=\toks31
\row@=\count351
\column@=\count352
\maxfields@=\count353
\andhelp@=\toks32
\eqnshift@=\dimen198
\alignsep@=\dimen199
\tagshift@=\dimen256
\tagwidth@=\dimen257
\totwidth@=\dimen258
\lineht@=\dimen259
\@envbody=\toks33
\multlinegap=\skip258
\multlinetaggap=\skip259
\mathdisplay@stack=\toks34
LaTeX Info: Redefining \[ on input line 2953.
LaTeX Info: Redefining \] on input line 2954.
)
(C:\Users\uidq5744\AppData\Local\Programs\MiKTeX\tex/latex/multirow\multirow.st
y
Package: multirow 2024/11/12 v2.9 Span multiple rows of a table
\multirow@colwidth=\skip260
\multirow@cntb=\count354
\multirow@dima=\skip261
\bigstrutjot=\dimen260
)
(C:\Users\uidq5744\AppData\Local\Programs\MiKTeX\tex/latex/tools\indentfirst.st
y
Package: indentfirst 2023/07/02 v1.03 Indent first paragraph (DPC)
)
(C:\Users\uidq5744\AppData\Local\Programs\MiKTeX\tex/latex/listings\listings.st
y
\lst@mode=\count355
\lst@gtempboxa=\box60
\lst@token=\toks35
\lst@length=\count356
\lst@currlwidth=\dimen261
\lst@column=\count357
\lst@pos=\count358
\lst@lostspace=\dimen262
\lst@width=\dimen263
\lst@newlines=\count359
\lst@lineno=\count360
\lst@maxwidth=\dimen264
 (C:\Program Files\MiKTeX\tex/latex/listings\lstpatch.sty
File: lstpatch.sty 2023/02/27 1.9 (Carsten Heinz)
)
(C:\Users\uidq5744\AppData\Local\Programs\MiKTeX\tex/latex/listings\lstmisc.sty
File: lstmisc.sty 2023/02/27 1.9 (Carsten Heinz)
\c@lstnumber=\count361
\lst@skipnumbers=\count362
\lst@framebox=\box61
)
(C:\Users\uidq5744\AppData\Local\Programs\MiKTeX\tex/latex/listings\listings.cf
g
File: listings.cfg 2023/02/27 1.9 listings configuration
))
Package: listings 2023/02/27 1.9 (Carsten Heinz)

(C:\Users\uidq5744\AppData\Local\Programs\MiKTeX\tex/latex/xcolor\xcolor.sty
Package: xcolor 2023/11/15 v3.01 LaTeX color extensions (UK)

(C:\Users\uidq5744\AppData\Local\Programs\MiKTeX\tex/latex/graphics-cfg\color.c
fg
File: color.cfg 2016/01/02 v1.6 sample color configuration
)
Package xcolor Info: Driver file: pdftex.def on input line 274.

(C:\Users\uidq5744\AppData\Local\Programs\MiKTeX\tex/latex/graphics\mathcolor.l
tx)
Package xcolor Info: Model `cmy' substituted by `cmy0' on input line 1350.
Package xcolor Info: Model `hsb' substituted by `rgb' on input line 1354.
Package xcolor Info: Model `RGB' extended on input line 1366.
Package xcolor Info: Model `HTML' substituted by `rgb' on input line 1368.
Package xcolor Info: Model `Hsb' substituted by `hsb' on input line 1369.
Package xcolor Info: Model `tHsb' substituted by `hsb' on input line 1370.
Package xcolor Info: Model `HSB' substituted by `hsb' on input line 1371.
Package xcolor Info: Model `Gray' substituted by `gray' on input line 1372.
Package xcolor Info: Model `wave' substituted by `hsb' on input line 1373.
)
(C:\Users\uidq5744\AppData\Local\Programs\MiKTeX\tex/latex/colortbl\colortbl.st
y
Package: colortbl 2024/10/29 v1.0k Color table columns (DPC)
\everycr=\toks36
\minrowclearance=\skip262
\rownum=\count363
)
(C:\Users\uidq5744\AppData\Local\Programs\MiKTeX\tex/latex/microtype\microtype.
sty
Package: microtype 2025/02/11 v3.2a Micro-typographical refinements (RS)
\MT@toks=\toks37
\MT@tempbox=\box62
\MT@count=\count364
LaTeX Info: Redefining \noprotrusionifhmode on input line 1087.
LaTeX Info: Redefining \leftprotrusion on input line 1088.
\MT@prot@toks=\toks38
LaTeX Info: Redefining \rightprotrusion on input line 1107.
LaTeX Info: Redefining \textls on input line 1449.
\MT@outer@kern=\dimen265
LaTeX Info: Redefining \microtypecontext on input line 2053.
LaTeX Info: Redefining \textmicrotypecontext on input line 2070.
\MT@listname@count=\count365

(C:\Users\uidq5744\AppData\Local\Programs\MiKTeX\tex/latex/microtype\microtype-
pdftex.def
File: microtype-pdftex.def 2025/02/11 v3.2a Definitions specific to pdftex (RS)

LaTeX Info: Redefining \lsstyle on input line 944.
LaTeX Info: Redefining \lslig on input line 944.
\MT@outer@space=\skip263
)
Package microtype Info: Loading configuration file microtype.cfg.

(C:\Users\uidq5744\AppData\Local\Programs\MiKTeX\tex/latex/microtype\microtype.
cfg
File: microtype.cfg 2025/02/11 v3.2a microtype main configuration file (RS)
)
LaTeX Info: Redefining \microtypesetup on input line 3065.
)
(C:\Users\uidq5744\AppData\Local\Programs\MiKTeX\tex/latex/algorithm2e\algorith
m2e.sty
Package: algorithm2e 2017/07/18 v5.2 algorithms environments
\c@AlgoLine=\count366
\algocf@hangindent=\skip264

(C:\Users\uidq5744\AppData\Local\Programs\MiKTeX\tex/latex/ifoddpage\ifoddpage.
sty
Package: ifoddpage 2022/10/18 v1.2 Conditionals for odd/even page detection
\c@checkoddpage=\count367
LaTeX Info: Redefining \checkoddpage on input line 45.
)
(C:\Users\uidq5744\AppData\Local\Programs\MiKTeX\tex/latex/tools\xspace.sty
Package: xspace 2014/10/28 v1.13 Space after command names (DPC,MH)
)
(C:\Users\uidq5744\AppData\Local\Programs\MiKTeX\tex/latex/relsize\relsize.sty
Package: relsize 2013/03/29 ver 4.1
)
\skiptotal=\skip265
\skiplinenumber=\skip266
\skiprule=\skip267
\skiphlne=\skip268
\skiptext=\skip269
\skiplength=\skip270
\algomargin=\skip271
\skipalgocfslide=\skip272
\algowidth=\dimen266
\inoutsize=\dimen267
\inoutindent=\dimen268
\interspacetitleruled=\dimen269
\interspacealgoruled=\dimen270
\interspacetitleboxruled=\dimen271
\algocf@ruledwidth=\skip273
\algocf@inoutbox=\box63
\algocf@inputbox=\box64
\AlCapSkip=\skip274
\AlCapHSkip=\skip275
\algoskipindent=\skip276
\algocf@nlbox=\box65
\algocf@hangingbox=\box66
\algocf@untilbox=\box67
\algocf@skipuntil=\skip277
\algocf@capbox=\box68
\algocf@lcaptionbox=\skip278
\algoheightruledefault=\skip279
\algoheightrule=\skip280
\algotitleheightruledefault=\skip281
\algotitleheightrule=\skip282
\c@algocfline=\count368
\c@algocfproc=\count369
\c@algocf=\count370
\algocf@algoframe=\box69
\algocf@algobox=\box70
)
(C:\Users\uidq5744\AppData\Local\Programs\MiKTeX\tex/latex/algorithms\algorithm
ic.sty
Package: algorithmic 2009/08/24 v0.1 Document Style `algorithmic'
\c@ALC@unique=\count371
\c@ALC@line=\count372
\c@ALC@rem=\count373
\c@ALC@depth=\count374
\ALC@tlm=\skip283
\algorithmicindent=\skip284
)
(C:\Users\uidq5744\AppData\Local\Programs\MiKTeX\tex/latex/lipsum\lipsum.sty
(C:\Users\uidq5744\AppData\Local\Programs\MiKTeX\tex/latex/l3packages/l3keys2e\
l3keys2e.sty
Package: l3keys2e 2023-10-10 LaTeX2e option processing using LaTeX3 keys
)
Package: lipsum 2021-09-20 v2.7 150 paragraphs of Lorem Ipsum dummy text
\g__lipsum_par_int=\count375
\l__lipsum_a_int=\count376
\l__lipsum_b_int=\count377

(C:\Users\uidq5744\AppData\Local\Programs\MiKTeX\tex/latex/lipsum\lipsum.ltd.te
x))
(C:\Users\uidq5744\AppData\Local\Programs\MiKTeX\tex/latex/glossaries/base\glos
saries.sty
Package: glossaries 2025/05/14 v4.7 (NLCT)

(C:\Users\uidq5744\AppData\Local\Programs\MiKTeX\tex/latex/xkeyval\xkeyval.sty
Package: xkeyval 2022/06/16 v2.9 package option processing (HA)

(C:\Users\uidq5744\AppData\Local\Programs\MiKTeX\tex/generic/xkeyval\xkeyval.te
x
(C:\Users\uidq5744\AppData\Local\Programs\MiKTeX\tex/generic/xkeyval\xkvutils.t
ex
\XKV@toks=\toks39
\XKV@tempa@toks=\toks40
)
\XKV@depth=\count378
File: xkeyval.tex 2014/12/03 v2.7a key=value parser (HA)
))
(C:\Users\uidq5744\AppData\Local\Programs\MiKTeX\tex/latex/mfirstuc\mfirstuc.st
y
Package: mfirstuc 2025/04/03 v2.09 (NLCT)
\@glsmfirst=\toks41
\@glsmrest=\toks42
) (C:\Users\uidq5744\AppData\Local\Programs\MiKTeX\tex/latex/xfor\xfor.sty
Package: xfor 2009/02/05 v1.05 (NLCT)
)
(C:\Users\uidq5744\AppData\Local\Programs\MiKTeX\tex/latex/tracklang\tracklang.
sty
Package: tracklang 2025/03/11 v1.6.6 (NLCT) Track Languages

(C:\Users\uidq5744\AppData\Local\Programs\MiKTeX\tex/generic/tracklang\tracklan
g.tex)
Package tracklang Info: Tracking dialect `english' (language `english') on inpu
t line 53.
Package tracklang Info: Tracking dialect `spanish' (language `spanish') on inpu
t line 53.
Package tracklang Info: Tracking dialect `brazil' (language `portuges') on inpu
t line 53.
)
(C:\Users\uidq5744\AppData\Local\Programs\MiKTeX\tex/latex/translator\translato
r.sty
Package: translator 2021-05-31 v1.12d Easy translation of strings in LaTeX
)
(C:\Users\uidq5744\AppData\Local\Programs\MiKTeX\tex/latex/glossaries-english\g
lossaries-english.ldf
File: glossaries-english.ldf 2014/11/23 v1.0
)
(C:\Users\uidq5744\AppData\Local\Programs\MiKTeX\tex/latex/glossaries-spanish\g
lossaries-spanish.ldf
File: glossaries-spanish.ldf 2014/11/23 v1.0

(C:\Users\uidq5744\AppData\Local\Programs\MiKTeX\tex/latex/glossaries-spanish\g
lossaries-spanish-utf8.ldf))
(C:\Users\uidq5744\AppData\Local\Programs\MiKTeX\tex/latex/glossaries-portuges\
glossaries-pt-BR.ldf
File: glossaries-pt-BR.ldf 2014/11/23 v1.0

(C:\Users\uidq5744\AppData\Local\Programs\MiKTeX\tex/latex/glossaries-portuges\
glossaries-portuges-utf8.ldf))
(C:\Users\uidq5744\AppData\Local\Programs\MiKTeX\tex/latex/datatool\datatool-ba
se.sty
Package: datatool-base 2025/04/25 v3.4.1 (NLCT)

(C:\Users\uidq5744\AppData\Local\Programs\MiKTeX\tex/latex/datatool\datatool-l3
fp.def
File: datatool-l3fp.def 2025/04/25 v3.4.1 (NLCT)
)
\@dtl@toks=\toks43
\@dtl@tmpcount=\count379
\dtl@tmplength=\skip285
\l__datatool_measure_box=\box71
\dtl@sortresult=\count380

(C:\Users\uidq5744\AppData\Local\Programs\MiKTeX\tex/latex/datatool\datatool-ut
f8.ldf
File: datatool-utf8.ldf 2025/04/25 v3.4.1 (NLCT)
)
\@dtl@datatype=\count381
\l__datatool_tmpa_int=\count382
\l__datatool_tmpb_int=\count383
\l__datatool_tmpc_int=\count384
\l__datatool_tmpd_int=\count385
\l__datatool_count_int=\count386
\l__datatool_tmp_datatype_int=\count387
\l__datatool_tmpa_dim=\dimen272
\l__datatool_tmpb_dim=\dimen273
\c_datatool_unknown_int=\count388
\l__datatool_year_int=\count389
\l__datatool_month_int=\count390
\l__datatool_day_int=\count391
\l__datatool_hour_int=\count392
\l__datatool_minute_int=\count393
\l__datatool_second_int=\count394
\l__datatool_tzhour_int=\count395
\l__datatool_tzminute_int=\count396
\l__datatool_julian_int=\count397
\l__datatool_local_julian_int=\count398
\l__datatool_prefix_int=\count399
\l__datatool_suffix_int=\count400
\@dtl@foreach@level=\count401


Package tracklang Warning: No `datatool' support for dialect `english'  on inpu
t line 9908.


Package tracklang Warning: No `datatool' support for dialect `spanish'  on inpu
t line 9908.


Package tracklang Warning: No `datatool' support for dialect `brazil'  on input
 line 9908.


Package tracklang Warning: No `datatool' support for dialect `brazil'  on input
 line 9908.

\dtl@codeA=\count402
\dtl@codeB=\count403
)
\gls@level=\count404
\@gls@tmpb=\toks44
\gls@tmplen=\skip286


Package glossaries Warning: Overriding \printglossary on input line 6477.

\l__glossaries_tmpa_dim=\dimen274
\l__glossaries_tmpb_dim=\dimen275

Package glossaries Warning: Overriding `theglossary' environment on input line 
7676.

\glskeylisttok=\toks45
\glslabeltok=\toks46
\glsshorttok=\toks47
\glslongtok=\toks48

(C:\Users\uidq5744\AppData\Local\Programs\MiKTeX\tex/latex/glossaries/styles\gl
ossary-hypernav.sty
Package: glossary-hypernav 2025/05/14 v4.7 (NLCT)
)
(C:\Users\uidq5744\AppData\Local\Programs\MiKTeX\tex/latex/glossaries/styles\gl
ossary-list.sty
Package: glossary-list 2025/05/14 v4.7 (NLCT)
\glslistdottedwidth=\skip287
)
(C:\Users\uidq5744\AppData\Local\Programs\MiKTeX\tex/latex/glossaries/styles\gl
ossary-long.sty
Package: glossary-long 2025/05/14 v4.7 (NLCT)

(C:\Users\uidq5744\AppData\Local\Programs\MiKTeX\tex/latex/tools\longtable.sty
Package: longtable 2023-11-01 v4.19 Multi-page Table package (DPC)
\LTleft=\skip288
\LTright=\skip289
\LTpre=\skip290
\LTpost=\skip291
\LTchunksize=\count405
\LTcapwidth=\dimen276
\LT@head=\box72
\LT@firsthead=\box73
\LT@foot=\box74
\LT@lastfoot=\box75
\LT@gbox=\box76
\LT@cols=\count406
\LT@rows=\count407
\c@LT@tables=\count408
\c@LT@chunks=\count409
\LT@p@ftn=\toks49
)
\glsdescwidth=\skip292
\glspagelistwidth=\skip293
)
(C:\Users\uidq5744\AppData\Local\Programs\MiKTeX\tex/latex/glossaries/styles\gl
ossary-super.sty
Package: glossary-super 2025/05/14 v4.7 (NLCT)

(C:\Users\uidq5744\AppData\Local\Programs\MiKTeX\tex/latex/supertabular\superta
bular.sty
Package: supertabular 2024/07/20 v4.2c the supertabular environment
\c@tracingst=\count410
\ST@wd=\dimen277
\ST@rightskip=\skip294
\ST@leftskip=\skip295
\ST@parfillskip=\skip296
\ST@pageleft=\dimen278
\ST@headht=\dimen279
\ST@tailht=\dimen280
\ST@pagesofar=\dimen281
\ST@pboxht=\dimen282
\ST@rowht=\dimen283
\ST@prevht=\dimen284
\ST@toadd=\dimen285
\ST@dimen=\dimen286
\ST@pbox=\box77
))
(C:\Users\uidq5744\AppData\Local\Programs\MiKTeX\tex/latex/glossaries/styles\gl
ossary-tree.sty
Package: glossary-tree 2025/05/14 v4.7 (NLCT)
\l__glossaries_tree_max_known_level_int=\count411
\l__glossaries_tree_offset_dim=\dimen287
\l__glossaries_tree_namewidth_dim=\dimen288
\l__glossaries_tree_symbolwidth_dim=\dimen289
\l__glossaries_tree_prenamesym_width_dim=\dimen290
\l__glossaries_tree_presubnamesym_width_dim=\dimen291
\l__glossaries_tree_namewidth_padding_dim=\dimen292
\l__glossaries_tree_symbolwidth_padding_dim=\dimen293
\l__glossaries_tree_namesymbolwidth_dim=\dimen294
\l__glossaries_tree_namesymbolwidth_padding_dim=\dimen295
\l__glossaries_tree_level_int=\count412
\glstreeindent=\skip297
))
(C:\Users\uidq5744\AppData\Local\Programs\MiKTeX\tex/latex/caption\caption.sty
Package: caption 2023/08/05 v3.6o Customizing captions (AR)

(C:\Users\uidq5744\AppData\Local\Programs\MiKTeX\tex/latex/caption\caption3.sty
Package: caption3 2023/07/31 v2.4d caption3 kernel (AR)
\caption@tempdima=\dimen296
\captionmargin=\dimen297
\caption@leftmargin=\dimen298
\caption@rightmargin=\dimen299
\caption@width=\dimen300
\caption@indent=\dimen301
\caption@parindent=\dimen302
\caption@hangindent=\dimen303
Package caption Info: memoir document class detected.

(C:\Users\uidq5744\AppData\Local\Programs\MiKTeX\tex/latex/caption\caption-memo
ir.sto
File: caption-memoir.sto 2023/09/08 v2.2c Adaption of the caption package to th
e memoir document class (AR)
))
\c@caption@flags=\count413
\c@continuedfloat=\count414
Package caption Info: changepage package is loaded.
\caption@adjustwidth@hsize=\dimen304
\caption@adjustwidth@linewidth=\dimen305
Package caption Info: hyperref package is loaded.
Package caption Info: listings package is loaded.
Package caption Info: longtable package is loaded.

(C:\Users\uidq5744\AppData\Local\Programs\MiKTeX\tex/latex/caption\ltcaption.st
y
Package: ltcaption 2021/01/08 v1.4c longtable captions (AR)
)
Package caption Info: supertabular package is loaded.
)
(C:\Users\uidq5744\AppData\Local\Programs\MiKTeX\tex/latex/abntex2\abntex2cite.
sty
Package: abntex2cite 2018/11/24 v-1.9.7 abnTeX2

(C:\Users\uidq5744\AppData\Local\Programs\MiKTeX\tex/latex/abntex2\abntex2abrev
.sty)
\minimumbiblabelwidth=\skip298
\ABCIauxlen=\skip299
\c@ABCIaux=\count415
\c@ABCImax=\count416

(C:\Users\uidq5744\AppData\Local\Programs\MiKTeX\tex/generic/iftex\ifpdf.sty
Package: ifpdf 2019/10/25 v3.4 ifpdf legacy package. Use iftex instead.
)
(C:\Users\uidq5744\AppData\Local\Programs\MiKTeX\tex/generic/iftex\ifxetex.sty
Package: ifxetex 2019/10/25 v0.7 ifxetex legacy package. Use iftex instead.
)
\biblabelsep=\skip300
LaTeX Info: Redefining \newblock on input line 591.
LaTeX Info: Redefining \cite on input line 618.
\ABCItoken=\toks50
)
(C:\Users\uidq5744\AppData\Local\Programs\MiKTeX\tex/latex/psnfss\mathptmx.sty
Package: mathptmx 2020/03/25 PSNFSS-v9.3 Times w/ Math, improved (SPQR, WaS) 
LaTeX Font Info:    Redeclaring symbol font `operators' on input line 28.
LaTeX Font Info:    Overwriting symbol font `operators' in version `normal'
(Font)                  OT1/cmr/m/n --> OT1/ztmcm/m/n on input line 28.
LaTeX Font Info:    Overwriting symbol font `operators' in version `bold'
(Font)                  OT1/cmr/bx/n --> OT1/ztmcm/m/n on input line 28.
LaTeX Font Info:    Redeclaring symbol font `letters' on input line 29.
LaTeX Font Info:    Overwriting symbol font `letters' in version `normal'
(Font)                  OML/cmm/m/it --> OML/ztmcm/m/it on input line 29.
LaTeX Font Info:    Overwriting symbol font `letters' in version `bold'
(Font)                  OML/cmm/b/it --> OML/ztmcm/m/it on input line 29.
LaTeX Font Info:    Redeclaring symbol font `symbols' on input line 30.
LaTeX Font Info:    Overwriting symbol font `symbols' in version `normal'
(Font)                  OMS/cmsy/m/n --> OMS/ztmcm/m/n on input line 30.
LaTeX Font Info:    Overwriting symbol font `symbols' in version `bold'
(Font)                  OMS/cmsy/b/n --> OMS/ztmcm/m/n on input line 30.
LaTeX Font Info:    Redeclaring symbol font `largesymbols' on input line 31.
LaTeX Font Info:    Overwriting symbol font `largesymbols' in version `normal'
(Font)                  OMX/cmex/m/n --> OMX/ztmcm/m/n on input line 31.
LaTeX Font Info:    Overwriting symbol font `largesymbols' in version `bold'
(Font)                  OMX/cmex/m/n --> OMX/ztmcm/m/n on input line 31.
\symbold=\mathgroup6
\symitalic=\mathgroup7
LaTeX Font Info:    Redeclaring math alphabet \mathbf on input line 34.
LaTeX Font Info:    Overwriting math alphabet `\mathbf' in version `normal'
(Font)                  OT1/cmr/bx/n --> OT1/ptm/bx/n on input line 34.
LaTeX Font Info:    Overwriting math alphabet `\mathbf' in version `bold'
(Font)                  OT1/cmr/bx/n --> OT1/ptm/bx/n on input line 34.
LaTeX Font Info:    Redeclaring math alphabet \mathit on input line 35.
LaTeX Font Info:    Overwriting math alphabet `\mathit' in version `normal'
(Font)                  OT1/cmr/m/it --> OT1/ptm/m/it on input line 35.
LaTeX Font Info:    Overwriting math alphabet `\mathit' in version `bold'
(Font)                  OT1/cmr/bx/it --> OT1/ptm/m/it on input line 35.
LaTeX Info: Redefining \hbar on input line 50.
) (C:\Users\uidq5744\AppData\Local\Programs\MiKTeX\tex/latex/paracol\paracol.st
y
Package: paracol 2024/10/22 1.36 typeset columns in parallel
\pcol@currcol=\count417
\pcol@nextcol=\count418
\pcol@ncol=\count419
\pcol@ncolleft=\count420
\pcol@page=\count421
\pcol@basepage=\count422
\pcol@toppage=\count423
\pcol@footnotebase=\count424
\pcol@nfootnotes=\count425
\pcol@mcid=\count426
\pcol@prevdepth=\dimen306
\pcol@colht=\dimen307
\pcol@textfloatsep=\dimen308
\pcol@lrmargin=\dimen309
\pagerim=\dimen310
\pcol@topskip=\skip301
\belowfootnoteskip=\skip302
\pcol@topfnotes=\box78
\pcol@prespan=\box79
\pcol@rightpage=\box80
\pcol@colorstack@saved=\box81
\pcol@tempboxa=\box82
\pcol@tempboxb=\box83
\pcol@colorins=\insert247
\pcol@everyvbox=\toks51
) (unifortex2.sty (elementos-pos-textuais/glossario.tex)
(elementos-pre-textuais/lista-de-abreviaturas-e-siglas.tex)

******************************************************
Stock height and width: 845.04684pt by 597.50787pt
Top and edge trims: 0pt and 0pt
Page height and width: 845.04684pt by 597.50787pt
Text height and width: 713.78398pt by 455pt
Spine and edge margins: 85.35826pt and 56.9055pt
Upper and lower margins: 85.35826pt and 45.9046pt
Headheight and headsep: 14.5pt and 19.8738pt
Footskip: 30pt
Columnsep and columnseprule: 10pt and 0pt
Marginparsep and marginparwidth: 7pt and 42.9055pt
Sidecapsep and sidecapwidth: 7pt and 42pt
Sidebarhsep and sidebarwidth: 7pt and 42pt
Sidebarvsep and sidebartopsep: 14.5pt and 0pt
Sidebarheight: 590.14995pt
Sidefoothsep and sidefootwidth: 7pt and 42pt
Sidefootvsep and sidefootheight: 14.5pt and 590.14995pt
******************************************************

\enitdp@alineascomponto=\count427
\c@subalineascompontoi=\count428
\enitdp@subalineascomponto=\count429
\c@alineascomnumeroi=\count430
\c@alineascomnumeroii=\count431
\enitdp@alineascomnumero=\count432
\c@subalineascomnumeroi=\count433
\enitdp@subalineascomnumero=\count434
\c@afirmacao=\count435
\c@argumento=\count436
\c@teo=\count437
\c@lema=\count438
\c@cor=\count439
\c@conjec=\count440
\c@premissa=\count441
\c@procedimento=\count442
\c@heuristica=\count443
\c@axioma=\count444
\c@exem=\count445
\c@xdefinicao=\count446
\c@cdefinicao=\count447
\c@propriedade=\count448
\c@quest=\count449
\c@quadro=\count450
\c@loqdepth=\count451
\cftbeforequadroskip=\skip303
\cftquadroindent=\skip304
\cftquadronumwidth=\skip305
\mylen=\skip306
\cftbeforelstlistingskip=\skip307
\cftlstlistingindent=\skip308
\cftlstlistingnumwidth=\skip309
\myAlgoLen=\skip310
\cftbeforealgocfskip=\skip311
\cftalgocfindent=\skip312
\cftalgocfnumwidth=\skip313
)
(C:\Users\uidq5744\AppData\Local\Programs\MiKTeX\tex/latex/pdfpages\pdfpages.st
y
Package: pdfpages 2025/03/12 v0.6f Insert pages of external PDF documents (AM)

(C:\Users\uidq5744\AppData\Local\Programs\MiKTeX\tex/latex/eso-pic\eso-pic.sty
Package: eso-pic 2023/05/03 v3.0c eso-pic (RN)
\ESO@tempdima=\dimen311
\ESO@tempdimb=\dimen312
)
\AM@pagewidth=\dimen313
\AM@pageheight=\dimen314
\AM@fboxrule=\dimen315

(C:\Users\uidq5744\AppData\Local\Programs\MiKTeX\tex/latex/pdfpages\pppdftex.de
f
File: pppdftex.def 2025/03/12 v0.6f Pdfpages driver for pdfTeX (AM)
)
\pdfpages@includegraphics@status=\count452
\AM@pagebox=\box84
\AM@global@opts=\toks52
\AM@pagecnt=\count453
\AM@toc@title=\toks53
\AM@lof@heading=\toks54
\c@AM@survey=\count454
\AM@templatesizebox=\box85
)
\glswrite=\write4
\glo@main@file=\write5
\openout5 = `preambulo.glo'.

Package glossaries Info: Writing glossary file preambulo.glo on input line 58.
\glo@acronym@file=\write6
\openout6 = `preambulo.acn'.

Package glossaries Info: Writing glossary file preambulo.acn on input line 58.
)
! Emergency stop.
<*> ./preambulo.tex
                   
*** (job aborted, no legal \end found)

 
Here is how much of TeX's memory you used:
 32405 strings out of 474479
 584747 string characters out of 5742176
 1926542 words of memory out of 5000000
 54325 multiletter control sequences out of 15000+600000
 559431 words of font info for 39 fonts, out of 8000000 for 9000
 1141 hyphenation exceptions out of 8191
 99i,1n,117p,2570b,365s stack positions out of 10000i,1000n,20000p,200000b,200000s
!  ==> Fatal error occurred, no output PDF file produced!
